# JRE version: OpenJDK Runtime Environment JBR-21.0.7+6-1038.58-jcef (21.0.7+6) (build 21.0.7+6-b1038.58)
# Java VM: OpenJDK 64-Bit Server VM JBR-21.0.7+6-1038.58-jcef (21.0.7+6-b1038.58, mixed mode, sharing, tiered, compressed oops, compressed class ptrs, g1 gc, windows-amd64)
GC Precious Log:
 CardTable entry size: 512
 Card Set container configuration: InlinePtr #cards 5 size 8 Array Of Cards #cards 12 size 40 Howl #buckets 4 coarsen threshold 1843 Howl Bitmap #cards 512 size 80 coarsen threshold 460 Card regions per heap region 1 cards per card region 2048
 CPUs: 16 total, 16 available
 Memory: 15775M
 Large Page Support: Disabled
 NUMA Support: Disabled
 Compressed Oops: Enabled (32-bit)
 Heap Region Size: 1M
 Heap Min Capacity: 128M
 Heap Initial Capacity: 128M
 Heap Max Capacity: 2G
 Pre-touch: Disabled
 Parallel Workers: 13
 Concurrent Workers: 3
 Concurrent Refinement Workers: 13
 Periodic GC: Disabled
Heap:
 garbage-first heap   total 131072K, used 28478K [0x0000000080000000, 0x0000000100000000)
  region size 1024K, 16 young (16384K), 0 survivors (0K)
 Metaspace       used 12264K, committed 12800K, reserved 1114112K
  class space    used 1337K, committed 1600K, reserved 1048576K
GC Heap History (11 events):
Event: 1.037 GC heap before
{Heap before GC invocations=0 (full 0):
 garbage-first heap   total 131072K, used 27648K [0x0000000080000000, 0x0000000100000000)
  region size 1024K, 23 young (23552K), 0 survivors (0K)
 Metaspace       used 5189K, committed 5568K, reserved 1114112K
  class space    used 692K, committed 896K, reserved 1048576K
}
Event: 1.046 GC heap after
{Heap after GC invocations=1 (full 0):
 garbage-first heap   total 131072K, used 9059K [0x0000000080000000, 0x0000000100000000)
  region size 1024K, 3 young (3072K), 3 survivors (3072K)
 Metaspace       used 5189K, committed 5568K, reserved 1114112K
  class space    used 692K, committed 896K, reserved 1048576K
}
Event: 49.553 GC heap before
{Heap before GC invocations=1 (full 0):
 garbage-first heap   total 131072K, used 36707K [0x0000000080000000, 0x0000000100000000)
  region size 1024K, 31 young (31744K), 3 survivors (3072K)
 Metaspace       used 11776K, committed 12160K, reserved 1114112K
  class space    used 1358K, committed 1536K, reserved 1048576K
}
Event: 49.563 GC heap after
{Heap after GC invocations=2 (full 0):
 garbage-first heap   total 131072K, used 14000K [0x0000000080000000, 0x0000000100000000)
  region size 1024K, 4 young (4096K), 4 survivors (4096K)
 Metaspace       used 11776K, committed 12160K, reserved 1114112K
  class space    used 1358K, committed 1536K, reserved 1048576K
}
Event: 3600.045 GC heap before
{Heap before GC invocations=2 (full 0):
 garbage-first heap   total 131072K, used 29360K [0x0000000080000000, 0x0000000100000000)
  region size 1024K, 20 young (20480K), 4 survivors (4096K)
 Metaspace       used 12221K, committed 12672K, reserved 1114112K
  class space    used 1372K, committed 1600K, reserved 1048576K
}
Event: 3600.336 GC heap after
{Heap after GC invocations=3 (full 1):
 garbage-first heap   total 131072K, used 13256K [0x0000000080000000, 0x0000000100000000)
  region size 1024K, 0 young (0K), 0 survivors (0K)
 Metaspace       used 12166K, committed 12672K, reserved 1114112K
  class space    used 1359K, committed 1600K, reserved 1048576K
}
Event: 7200.357 GC heap before
{Heap before GC invocations=3 (full 1):
 garbage-first heap   total 131072K, used 25544K [0x0000000080000000, 0x0000000100000000)
  region size 1024K, 13 young (13312K), 0 survivors (0K)
 Metaspace       used 12190K, committed 12672K, reserved 1114112K
  class space    used 1359K, committed 1600K, reserved 1048576K
}
Event: 7200.616 GC heap after
{Heap after GC invocations=4 (full 2):
 garbage-first heap   total 131072K, used 12525K [0x0000000080000000, 0x0000000100000000)
  region size 1024K, 0 young (0K), 0 survivors (0K)
 Metaspace       used 11967K, committed 12672K, reserved 1114112K
  class space    used 1303K, committed 1600K, reserved 1048576K
}
Event: 10800.629 GC heap before
{Heap before GC invocations=4 (full 2):
 garbage-first heap   total 131072K, used 29933K [0x0000000080000000, 0x0000000100000000)
  region size 1024K, 18 young (18432K), 0 survivors (0K)
 Metaspace       used 12223K, committed 12800K, reserved 1114112K
  class space    used 1337K, committed 1600K, reserved 1048576K
}
Event: 10800.708 GC heap after
{Heap after GC invocations=5 (full 3):
 garbage-first heap   total 131072K, used 13118K [0x0000000080000000, 0x0000000100000000)
  region size 1024K, 0 young (0K), 0 survivors (0K)
 Metaspace       used 12223K, committed 12800K, reserved 1114112K
  class space    used 1337K, committed 1600K, reserved 1048576K
}
Event: 14400.722 GC heap before
{Heap before GC invocations=5 (full 3):
 garbage-first heap   total 131072K, used 28478K [0x0000000080000000, 0x0000000100000000)
  region size 1024K, 16 young (16384K), 0 survivors (0K)
 Metaspace       used 12264K, committed 12800K, reserved 1114112K
  class space    used 1337K, committed 1600K, reserved 1048576K
}

