# JRE version: OpenJDK Runtime Environment JBR-21.0.5+8-631.28-jcef (21.0.5+8) (build 21.0.5+8-b631.28)
# Java VM: OpenJDK 64-Bit Server VM JBR-21.0.5+8-631.28-jcef (21.0.5+8-b631.28, mixed mode, sharing, tiered, compressed oops, compressed class ptrs, g1 gc, windows-amd64)
GC Precious Log:
 CardTable entry size: 512
 Card Set container configuration: InlinePtr #cards 5 size 8 Array Of Cards #cards 12 size 40 Howl #buckets 4 coarsen threshold 1843 Howl Bitmap #cards 512 size 80 coarsen threshold 460 Card regions per heap region 1 cards per card region 2048
 CPUs: 16 total, 16 available
 Memory: 15775M
 Large Page Support: Disabled
 NUMA Support: Disabled
 Compressed Oops: Enabled (32-bit)
 Heap Region Size: 1M
 Heap Min Capacity: 128M
 Heap Initial Capacity: 128M
 Heap Max Capacity: 2G
 Pre-touch: Disabled
 Parallel Workers: 13
 Concurrent Workers: 3
 Concurrent Refinement Workers: 13
 Periodic GC: Disabled
Heap:
 garbage-first heap   total 131072K, used 18706K [0x0000000080000000, 0x0000000100000000)
  region size 1024K, 7 young (7168K), 0 survivors (0K)
 Metaspace       used 18542K, committed 18880K, reserved 1114112K
  class space    used 2042K, committed 2176K, reserved 1048576K
GC Heap History (12 events):
Event: 2.228 GC heap before
{Heap before GC invocations=0 (full 0):
 garbage-first heap   total 131072K, used 26624K [0x0000000080000000, 0x0000000100000000)
  region size 1024K, 23 young (23552K), 0 survivors (0K)
 Metaspace       used 7455K, committed 7808K, reserved 1114112K
  class space    used 941K, committed 1088K, reserved 1048576K
}
Event: 2.238 GC heap after
{Heap after GC invocations=1 (full 0):
 garbage-first heap   total 131072K, used 8816K [0x0000000080000000, 0x0000000100000000)
  region size 1024K, 3 young (3072K), 3 survivors (3072K)
 Metaspace       used 7455K, committed 7808K, reserved 1114112K
  class space    used 941K, committed 1088K, reserved 1048576K
}
Event: 1793.621 GC heap before
{Heap before GC invocations=1 (full 0):
 garbage-first heap   total 131072K, used 36464K [0x0000000080000000, 0x0000000100000000)
  region size 1024K, 31 young (31744K), 3 survivors (3072K)
 Metaspace       used 17664K, committed 18112K, reserved 1114112K
  class space    used 1986K, committed 2176K, reserved 1048576K
}
Event: 1793.688 GC heap after
{Heap after GC invocations=2 (full 0):
 garbage-first heap   total 131072K, used 12887K [0x0000000080000000, 0x0000000100000000)
  region size 1024K, 4 young (4096K), 4 survivors (4096K)
 Metaspace       used 17664K, committed 18112K, reserved 1114112K
  class space    used 1986K, committed 2176K, reserved 1048576K
}
Event: 3600.016 GC heap before
{Heap before GC invocations=2 (full 0):
 garbage-first heap   total 131072K, used 19031K [0x0000000080000000, 0x0000000100000000)
  region size 1024K, 11 young (11264K), 4 survivors (4096K)
 Metaspace       used 17769K, committed 18176K, reserved 1114112K
  class space    used 1986K, committed 2176K, reserved 1048576K
}
Event: 3600.118 GC heap after
{Heap after GC invocations=3 (full 1):
 garbage-first heap   total 131072K, used 12054K [0x0000000080000000, 0x0000000100000000)
  region size 1024K, 0 young (0K), 0 survivors (0K)
 Metaspace       used 17714K, committed 18176K, reserved 1114112K
  class space    used 1973K, committed 2176K, reserved 1048576K
}
Event: 7200.121 GC heap before
{Heap before GC invocations=3 (full 1):
 garbage-first heap   total 131072K, used 20246K [0x0000000080000000, 0x0000000100000000)
  region size 1024K, 9 young (9216K), 0 survivors (0K)
 Metaspace       used 17757K, committed 18240K, reserved 1114112K
  class space    used 1973K, committed 2176K, reserved 1048576K
}
Event: 7200.295 GC heap after
{Heap after GC invocations=4 (full 2):
 garbage-first heap   total 131072K, used 11928K [0x0000000080000000, 0x0000000100000000)
  region size 1024K, 0 young (0K), 0 survivors (0K)
 Metaspace       used 17606K, committed 18240K, reserved 1114112K
  class space    used 1930K, committed 2176K, reserved 1048576K
}
Event: 10800.308 GC heap before
{Heap before GC invocations=4 (full 2):
 garbage-first heap   total 131072K, used 18072K [0x0000000080000000, 0x0000000100000000)
  region size 1024K, 7 young (7168K), 0 survivors (0K)
 Metaspace       used 17615K, committed 18240K, reserved 1114112K
  class space    used 1930K, committed 2176K, reserved 1048576K
}
Event: 10800.451 GC heap after
{Heap after GC invocations=5 (full 3):
 garbage-first heap   total 131072K, used 11659K [0x0000000080000000, 0x0000000100000000)
  region size 1024K, 0 young (0K), 0 survivors (0K)
 Metaspace       used 17570K, committed 18240K, reserved 1114112K
  class space    used 1923K, committed 2176K, reserved 1048576K
}
Event: 14400.461 GC heap before
{Heap before GC invocations=5 (full 3):
 garbage-first heap   total 131072K, used 37259K [0x0000000080000000, 0x0000000100000000)
  region size 1024K, 26 young (26624K), 0 survivors (0K)
 Metaspace       used 18536K, committed 18880K, reserved 1114112K
  class space    used 2042K, committed 2176K, reserved 1048576K
}
Event: 14400.616 GC heap after
{Heap after GC invocations=6 (full 4):
 garbage-first heap   total 131072K, used 12562K [0x0000000080000000, 0x0000000100000000)
  region size 1024K, 0 young (0K), 0 survivors (0K)
 Metaspace       used 18536K, committed 18880K, reserved 1114112K
  class space    used 2042K, committed 2176K, reserved 1048576K
}

